running develop
/usr/lib/python3/dist-packages/setuptools/command/easy_install.py:363: UserWarning: Unbuilt egg for pytest-repeat [unknown version] (/usr/lib/python3/dist-packages)
  self.local_index = Environment(self.shadow_path + sys.path)
running egg_info
creating smart_warehouse.egg-info
writing smart_warehouse.egg-info/PKG-INFO
writing dependency_links to smart_warehouse.egg-info/dependency_links.txt
writing entry points to smart_warehouse.egg-info/entry_points.txt
writing requirements to smart_warehouse.egg-info/requires.txt
writing top-level names to smart_warehouse.egg-info/top_level.txt
writing manifest file 'smart_warehouse.egg-info/SOURCES.txt'
reading manifest file 'smart_warehouse.egg-info/SOURCES.txt'
writing manifest file 'smart_warehouse.egg-info/SOURCES.txt'
running build_ext
Creating /home/pmp/ros2_ws/src/smart_warehouse/install/smart_warehouse/lib/python3.12/site-packages/smart-warehouse.egg-link (link to .)
Installing aruco_generator script to /home/pmp/ros2_ws/src/smart_warehouse/install/smart_warehouse/lib/smart_warehouse
Installing monitor_aruco script to /home/pmp/ros2_ws/src/smart_warehouse/install/smart_warehouse/lib/smart_warehouse

Installed /home/pmp/ros2_ws/src/smart_warehouse/build/smart_warehouse
running symlink_data
creating /home/pmp/ros2_ws/src/smart_warehouse/install/smart_warehouse/share/ament_index
creating /home/pmp/ros2_ws/src/smart_warehouse/install/smart_warehouse/share/ament_index/resource_index
creating /home/pmp/ros2_ws/src/smart_warehouse/install/smart_warehouse/share/ament_index/resource_index/packages
symbolically linking /home/pmp/ros2_ws/src/smart_warehouse/build/smart_warehouse/resource/smart_warehouse -> /home/pmp/ros2_ws/src/smart_warehouse/install/smart_warehouse/share/ament_index/resource_index/packages
symbolically linking /home/pmp/ros2_ws/src/smart_warehouse/build/smart_warehouse/package.xml -> /home/pmp/ros2_ws/src/smart_warehouse/install/smart_warehouse/share/smart_warehouse
