[0.259s] DEBUG:colcon:Command line arguments: ['/usr/bin/colcon', 'build', '--packages-select', 'smart_warehouse', '--symlink-install']
[0.259s] DEBUG:colcon:Parsed command line arguments: Namespace(log_base=None, log_level=None, verb_name='build', build_base='build', install_base='install', merge_install=False, symlink_install=True, test_result_base=None, continue_on_error=False, executor='parallel', parallel_workers=4, event_handlers=None, ignore_user_meta=False, metas=['./colcon.meta'], base_paths=['.'], packages_ignore=None, packages_ignore_regex=None, paths=None, packages_up_to=None, packages_up_to_regex=None, packages_above=None, packages_above_and_dependencies=None, packages_above_depth=None, packages_select_by_dep=None, packages_skip_by_dep=None, packages_skip_up_to=None, packages_select_build_failed=False, packages_skip_build_finished=False, packages_select_test_failures=False, packages_skip_test_passed=False, packages_select=['smart_warehouse'], packages_skip=None, packages_select_regex=None, packages_skip_regex=None, packages_start=None, packages_end=None, allow_overriding=[], cmake_args=None, cmake_target=None, cmake_target_skip_unavailable=False, cmake_clean_cache=False, cmake_clean_first=False, cmake_force_configure=False, ament_cmake_args=None, catkin_cmake_args=None, catkin_skip_building_tests=False, mixin_files=None, mixin=None, verb_parser=<colcon_mixin.mixin.mixin_argument.MixinArgumentDecorator object at 0x711334ca70b0>, verb_extension=<colcon_core.verb.build.BuildVerb object at 0x711334ca6e40>, main=<bound method BuildVerb.main of <colcon_core.verb.build.BuildVerb object at 0x711334ca6e40>>, mixin_verb=('build',))
[0.371s] Level 1:colcon.colcon_core.package_discovery:discover_packages(colcon_meta) check parameters
[0.372s] Level 1:colcon.colcon_core.package_discovery:discover_packages(recursive) check parameters
[0.372s] Level 1:colcon.colcon_core.package_discovery:discover_packages(ignore) check parameters
[0.372s] Level 1:colcon.colcon_core.package_discovery:discover_packages(path) check parameters
[0.372s] Level 1:colcon.colcon_core.package_discovery:discover_packages(colcon_meta) discover
[0.372s] Level 1:colcon.colcon_core.package_discovery:discover_packages(recursive) discover
[0.372s] INFO:colcon.colcon_core.package_discovery:Crawling recursively for packages in '/home/pmp/ros2_ws/src/smart_warehouse'
[0.373s] Level 1:colcon.colcon_core.package_identification:_identify(.) by extensions ['ignore', 'ignore_ament_install']
[0.373s] Level 1:colcon.colcon_core.package_identification:_identify(.) by extension 'ignore'
[0.373s] Level 1:colcon.colcon_core.package_identification:_identify(.) by extension 'ignore_ament_install'
[0.373s] Level 1:colcon.colcon_core.package_identification:_identify(.) by extensions ['colcon_pkg']
[0.373s] Level 1:colcon.colcon_core.package_identification:_identify(.) by extension 'colcon_pkg'
[0.373s] Level 1:colcon.colcon_core.package_identification:_identify(.) by extensions ['colcon_meta']
[0.373s] Level 1:colcon.colcon_core.package_identification:_identify(.) by extension 'colcon_meta'
[0.374s] Level 1:colcon.colcon_core.package_identification:_identify(.) by extensions ['ros']
[0.374s] Level 1:colcon.colcon_core.package_identification:_identify(.) by extension 'ros'
[0.437s] DEBUG:colcon.colcon_core.package_identification:Package '.' with type 'ros.ament_python' and name 'smart_warehouse'
[0.437s] Level 1:colcon.colcon_core.package_discovery:discover_packages(recursive) using defaults
[0.438s] Level 1:colcon.colcon_core.package_discovery:discover_packages(ignore) discover
[0.438s] Level 1:colcon.colcon_core.package_discovery:discover_packages(ignore) using defaults
[0.438s] Level 1:colcon.colcon_core.package_discovery:discover_packages(path) discover
[0.438s] Level 1:colcon.colcon_core.package_discovery:discover_packages(path) using defaults
[0.477s] Level 1:colcon.colcon_core.package_discovery:discover_packages(prefix_path) check parameters
[0.477s] Level 1:colcon.colcon_core.package_discovery:discover_packages(prefix_path) discover
[0.489s] DEBUG:colcon.colcon_installed_package_information.package_discovery:Found 6 installed packages in /home/pmp/ros2_ws/install
[0.497s] DEBUG:colcon.colcon_installed_package_information.package_discovery:Found 391 installed packages in /opt/ros/jazzy
[0.500s] Level 1:colcon.colcon_core.package_discovery:discover_packages(prefix_path) using defaults
[0.746s] Level 5:colcon.colcon_core.verb:set package 'smart_warehouse' build argument 'cmake_args' from command line to 'None'
[0.746s] Level 5:colcon.colcon_core.verb:set package 'smart_warehouse' build argument 'cmake_target' from command line to 'None'
[0.746s] Level 5:colcon.colcon_core.verb:set package 'smart_warehouse' build argument 'cmake_target_skip_unavailable' from command line to 'False'
[0.746s] Level 5:colcon.colcon_core.verb:set package 'smart_warehouse' build argument 'cmake_clean_cache' from command line to 'False'
[0.747s] Level 5:colcon.colcon_core.verb:set package 'smart_warehouse' build argument 'cmake_clean_first' from command line to 'False'
[0.747s] Level 5:colcon.colcon_core.verb:set package 'smart_warehouse' build argument 'cmake_force_configure' from command line to 'False'
[0.747s] Level 5:colcon.colcon_core.verb:set package 'smart_warehouse' build argument 'ament_cmake_args' from command line to 'None'
[0.747s] Level 5:colcon.colcon_core.verb:set package 'smart_warehouse' build argument 'catkin_cmake_args' from command line to 'None'
[0.747s] Level 5:colcon.colcon_core.verb:set package 'smart_warehouse' build argument 'catkin_skip_building_tests' from command line to 'False'
[0.747s] DEBUG:colcon.colcon_core.verb:Building package 'smart_warehouse' with the following arguments: {'ament_cmake_args': None, 'build_base': '/home/pmp/ros2_ws/src/smart_warehouse/build/smart_warehouse', 'catkin_cmake_args': None, 'catkin_skip_building_tests': False, 'cmake_args': None, 'cmake_clean_cache': False, 'cmake_clean_first': False, 'cmake_force_configure': False, 'cmake_target': None, 'cmake_target_skip_unavailable': False, 'install_base': '/home/pmp/ros2_ws/src/smart_warehouse/install/smart_warehouse', 'merge_install': False, 'path': '/home/pmp/ros2_ws/src/smart_warehouse', 'symlink_install': True, 'test_result_base': None}
[0.748s] INFO:colcon.colcon_core.executor:Executing jobs using 'parallel' executor
[0.750s] DEBUG:colcon.colcon_parallel_executor.executor.parallel:run_until_complete
[0.751s] INFO:colcon.colcon_ros.task.ament_python.build:Building ROS package in '/home/pmp/ros2_ws/src/smart_warehouse' with build type 'ament_python'
[0.751s] Level 1:colcon.colcon_core.shell:create_environment_hook('smart_warehouse', 'ament_prefix_path')
[0.760s] INFO:colcon.colcon_core.plugin_system:Skipping extension 'colcon_core.shell.bat': Not used on non-Windows systems
[0.761s] INFO:colcon.colcon_core.shell:Creating environment hook '/home/pmp/ros2_ws/src/smart_warehouse/install/smart_warehouse/share/smart_warehouse/hook/ament_prefix_path.ps1'
[0.763s] INFO:colcon.colcon_core.shell:Creating environment descriptor '/home/pmp/ros2_ws/src/smart_warehouse/install/smart_warehouse/share/smart_warehouse/hook/ament_prefix_path.dsv'
[0.764s] INFO:colcon.colcon_core.shell:Creating environment hook '/home/pmp/ros2_ws/src/smart_warehouse/install/smart_warehouse/share/smart_warehouse/hook/ament_prefix_path.sh'
[0.765s] INFO:colcon.colcon_core.shell:Skip shell extension 'powershell' for command environment: Not usable outside of PowerShell
[0.765s] DEBUG:colcon.colcon_core.shell:Skip shell extension 'dsv' for command environment
[1.244s] INFO:colcon.colcon_core.task.python.build:Building Python package in '/home/pmp/ros2_ws/src/smart_warehouse'
[1.245s] INFO:colcon.colcon_core.shell:Skip shell extension 'powershell' for command environment: Not usable outside of PowerShell
[1.245s] DEBUG:colcon.colcon_core.shell:Skip shell extension 'dsv' for command environment
[2.719s] DEBUG:colcon.colcon_core.event_handler.log_command:Invoking command in '/home/pmp/ros2_ws/src/smart_warehouse/build/smart_warehouse': DEBUGINFOD_URLS=https://debuginfod.ubuntu.com PYTHONPATH=/home/pmp/ros2_ws/src/smart_warehouse/build/smart_warehouse/prefix_override:/usr/lib/python3/dist-packages/colcon_core/task/python/colcon_distutils_commands:/home/pmp/ros2_ws/src/smart_warehouse/install/smart_warehouse/lib/python3.12/site-packages:${PYTHONPATH} /usr/bin/python3 -W ignore:setup.py install is deprecated -W ignore:easy_install command is deprecated setup.py develop --editable --build-directory /home/pmp/ros2_ws/src/smart_warehouse/build/smart_warehouse/build --no-deps symlink_data
[4.249s] Level 1:colcon.colcon_core.shell:create_environment_hook('smart_warehouse', 'pythonpath_develop')
[4.250s] INFO:colcon.colcon_core.shell:Creating environment hook '/home/pmp/ros2_ws/src/smart_warehouse/build/smart_warehouse/share/smart_warehouse/hook/pythonpath_develop.ps1'
[4.252s] DEBUG:colcon.colcon_core.event_handler.log_command:Invoked command in '/home/pmp/ros2_ws/src/smart_warehouse/build/smart_warehouse' returned '0': DEBUGINFOD_URLS=https://debuginfod.ubuntu.com PYTHONPATH=/home/pmp/ros2_ws/src/smart_warehouse/build/smart_warehouse/prefix_override:/usr/lib/python3/dist-packages/colcon_core/task/python/colcon_distutils_commands:/home/pmp/ros2_ws/src/smart_warehouse/install/smart_warehouse/lib/python3.12/site-packages:${PYTHONPATH} /usr/bin/python3 -W ignore:setup.py install is deprecated -W ignore:easy_install command is deprecated setup.py develop --editable --build-directory /home/pmp/ros2_ws/src/smart_warehouse/build/smart_warehouse/build --no-deps symlink_data
[4.253s] INFO:colcon.colcon_core.shell:Creating environment descriptor '/home/pmp/ros2_ws/src/smart_warehouse/build/smart_warehouse/share/smart_warehouse/hook/pythonpath_develop.dsv'
[4.254s] INFO:colcon.colcon_core.shell:Creating environment hook '/home/pmp/ros2_ws/src/smart_warehouse/build/smart_warehouse/share/smart_warehouse/hook/pythonpath_develop.sh'
[4.265s] Level 1:colcon.colcon_core.environment:checking '/home/pmp/ros2_ws/src/smart_warehouse/install/smart_warehouse' for CMake module files
[4.266s] Level 1:colcon.colcon_core.environment:checking '/home/pmp/ros2_ws/src/smart_warehouse/install/smart_warehouse' for CMake config files
[4.268s] Level 1:colcon.colcon_core.environment:checking '/home/pmp/ros2_ws/src/smart_warehouse/install/smart_warehouse/lib'
[4.268s] Level 1:colcon.colcon_core.environment:checking '/home/pmp/ros2_ws/src/smart_warehouse/install/smart_warehouse/bin'
[4.269s] Level 1:colcon.colcon_core.environment:checking '/home/pmp/ros2_ws/src/smart_warehouse/install/smart_warehouse/lib/pkgconfig/smart_warehouse.pc'
[4.269s] Level 1:colcon.colcon_core.environment:checking '/home/pmp/ros2_ws/src/smart_warehouse/install/smart_warehouse/lib/python3.12/site-packages'
[4.269s] Level 1:colcon.colcon_core.shell:create_environment_hook('smart_warehouse', 'pythonpath')
[4.270s] INFO:colcon.colcon_core.shell:Creating environment hook '/home/pmp/ros2_ws/src/smart_warehouse/install/smart_warehouse/share/smart_warehouse/hook/pythonpath.ps1'
[4.271s] INFO:colcon.colcon_core.shell:Creating environment descriptor '/home/pmp/ros2_ws/src/smart_warehouse/install/smart_warehouse/share/smart_warehouse/hook/pythonpath.dsv'
[4.272s] INFO:colcon.colcon_core.shell:Creating environment hook '/home/pmp/ros2_ws/src/smart_warehouse/install/smart_warehouse/share/smart_warehouse/hook/pythonpath.sh'
[4.273s] Level 1:colcon.colcon_core.environment:checking '/home/pmp/ros2_ws/src/smart_warehouse/install/smart_warehouse/bin'
[4.273s] Level 1:colcon.colcon_core.environment:create_environment_scripts_only(smart_warehouse)
[4.274s] INFO:colcon.colcon_core.shell:Creating package script '/home/pmp/ros2_ws/src/smart_warehouse/install/smart_warehouse/share/smart_warehouse/package.ps1'
[4.275s] INFO:colcon.colcon_core.shell:Creating package descriptor '/home/pmp/ros2_ws/src/smart_warehouse/install/smart_warehouse/share/smart_warehouse/package.dsv'
[4.276s] INFO:colcon.colcon_core.shell:Creating package script '/home/pmp/ros2_ws/src/smart_warehouse/install/smart_warehouse/share/smart_warehouse/package.sh'
[4.277s] INFO:colcon.colcon_core.shell:Creating package script '/home/pmp/ros2_ws/src/smart_warehouse/install/smart_warehouse/share/smart_warehouse/package.bash'
[4.278s] INFO:colcon.colcon_core.shell:Creating package script '/home/pmp/ros2_ws/src/smart_warehouse/install/smart_warehouse/share/smart_warehouse/package.zsh'
[4.279s] Level 1:colcon.colcon_core.environment:create_file_with_runtime_dependencies(/home/pmp/ros2_ws/src/smart_warehouse/install/smart_warehouse/share/colcon-core/packages/smart_warehouse)
[4.282s] DEBUG:colcon.colcon_parallel_executor.executor.parallel:closing loop
[4.282s] DEBUG:colcon.colcon_parallel_executor.executor.parallel:loop closed
[4.282s] DEBUG:colcon.colcon_parallel_executor.executor.parallel:run_until_complete finished with '0'
[4.282s] DEBUG:colcon.colcon_core.event_reactor:joining thread
[4.315s] INFO:colcon.colcon_core.plugin_system:Skipping extension 'colcon_notification.desktop_notification.terminal_notifier': Not used on non-Darwin systems
[4.315s] INFO:colcon.colcon_core.plugin_system:Skipping extension 'colcon_notification.desktop_notification.win32': Not used on non-Windows systems
[4.316s] INFO:colcon.colcon_notification.desktop_notification:Sending desktop notification using 'notify2'
[4.399s] DEBUG:colcon.colcon_core.event_reactor:joined thread
[4.400s] INFO:colcon.colcon_core.shell:Creating prefix script '/home/pmp/ros2_ws/src/smart_warehouse/install/local_setup.ps1'
[4.401s] INFO:colcon.colcon_core.shell:Creating prefix util module '/home/pmp/ros2_ws/src/smart_warehouse/install/_local_setup_util_ps1.py'
[4.403s] INFO:colcon.colcon_core.shell:Creating prefix chain script '/home/pmp/ros2_ws/src/smart_warehouse/install/setup.ps1'
[4.407s] INFO:colcon.colcon_core.shell:Creating prefix script '/home/pmp/ros2_ws/src/smart_warehouse/install/local_setup.sh'
[4.408s] INFO:colcon.colcon_core.shell:Creating prefix util module '/home/pmp/ros2_ws/src/smart_warehouse/install/_local_setup_util_sh.py'
[4.408s] INFO:colcon.colcon_core.shell:Creating prefix chain script '/home/pmp/ros2_ws/src/smart_warehouse/install/setup.sh'
[4.411s] INFO:colcon.colcon_core.shell:Creating prefix script '/home/pmp/ros2_ws/src/smart_warehouse/install/local_setup.bash'
[4.412s] INFO:colcon.colcon_core.shell:Creating prefix chain script '/home/pmp/ros2_ws/src/smart_warehouse/install/setup.bash'
[4.414s] INFO:colcon.colcon_core.shell:Creating prefix script '/home/pmp/ros2_ws/src/smart_warehouse/install/local_setup.zsh'
[4.415s] INFO:colcon.colcon_core.shell:Creating prefix chain script '/home/pmp/ros2_ws/src/smart_warehouse/install/setup.zsh'
